<?xml version="1.0" encoding="UTF-8"?>
<testsuite name="com.practice.springbootvalidation.api.ValidationControllerFeatureTest" tests="8" skipped="0" failures="0" errors="0" timestamp="2022-07-10T00:08:55" hostname="MGC12FG5ZXMD6N.fbpld77.ford.com" time="0.53">
  <properties/>
  <testcase name="playerLookup_returns400Response_whenAuthorizationHeaderRegexIsInvalid()" classname="com.practice.springbootvalidation.api.ValidationControllerFeatureTest" time="0.464"/>
  <testcase name="playerLookup_returns415Response_whenMediaTypeIsInvalid()" classname="com.practice.springbootvalidation.api.ValidationControllerFeatureTest" time="0.005"/>
  <testcase name="playerLookup_returns400Response_whenFirstNameInRequestBodyIsEmpty()" classname="com.practice.springbootvalidation.api.ValidationControllerFeatureTest" time="0.006"/>
  <testcase name="playerLookup_returns400Response_whenFirstNameInRequestBodyIsInvalidSize()" classname="com.practice.springbootvalidation.api.ValidationControllerFeatureTest" time="0.004"/>
  <testcase name="playerLookup_returns400Response_whenFirstNameInRequestBodyIsInvalid()" classname="com.practice.springbootvalidation.api.ValidationControllerFeatureTest" time="0.004"/>
  <testcase name="playerLookup_returns405Response_whenMethodDoesntExist()" classname="com.practice.springbootvalidation.api.ValidationControllerFeatureTest" time="0.004"/>
  <testcase name="multiplePLayerLookup_returnsSuccess()" classname="com.practice.springbootvalidation.api.ValidationControllerFeatureTest" time="0.031"/>
  <testcase name="playerLookup_returns200Response()" classname="com.practice.springbootvalidation.api.ValidationControllerFeatureTest" time="0.004"/>
  <system-out><![CDATA[20:08:54.211 [Test worker] DEBUG org.springframework.test.context.BootstrapUtils - Instantiating CacheAwareContextLoaderDelegate from class [org.springframework.test.context.cache.DefaultCacheAwareContextLoaderDelegate]
20:08:54.219 [Test worker] DEBUG org.springframework.test.context.BootstrapUtils - Instantiating BootstrapContext using constructor [public org.springframework.test.context.support.DefaultBootstrapContext(java.lang.Class,org.springframework.test.context.CacheAwareContextLoaderDelegate)]
20:08:54.248 [Test worker] DEBUG org.springframework.test.context.BootstrapUtils - Instantiating TestContextBootstrapper for test class [com.practice.springbootvalidation.api.ValidationControllerFeatureTest] from class [org.springframework.boot.test.autoconfigure.web.servlet.WebMvcTestContextBootstrapper]
20:08:54.260 [Test worker] DEBUG org.springframework.test.context.support.AbstractContextLoader - Did not detect default resource location for test class [com.practice.springbootvalidation.api.ValidationControllerFeatureTest]: class path resource [com/practice/springbootvalidation/api/ValidationControllerFeatureTest-context.xml] does not exist
20:08:54.261 [Test worker] DEBUG org.springframework.test.context.support.AbstractContextLoader - Did not detect default resource location for test class [com.practice.springbootvalidation.api.ValidationControllerFeatureTest]: class path resource [com/practice/springbootvalidation/api/ValidationControllerFeatureTestContext.groovy] does not exist
20:08:54.261 [Test worker] INFO org.springframework.test.context.support.AbstractContextLoader - Could not detect default resource locations for test class [com.practice.springbootvalidation.api.ValidationControllerFeatureTest]: no resource found for suffixes {-context.xml, Context.groovy}.
20:08:54.310 [Test worker] DEBUG org.springframework.test.context.support.ActiveProfilesUtils - Could not find an 'annotation declaring class' for annotation type [org.springframework.test.context.ActiveProfiles] and class [com.practice.springbootvalidation.api.ValidationControllerFeatureTest]
20:08:54.315 [Test worker] DEBUG org.springframework.boot.test.autoconfigure.web.servlet.WebMvcTestContextBootstrapper - @TestExecutionListeners is not present for class [com.practice.springbootvalidation.api.ValidationControllerFeatureTest]: using defaults.
20:08:54.316 [Test worker] INFO org.springframework.boot.test.autoconfigure.web.servlet.WebMvcTestContextBootstrapper - Loaded default TestExecutionListener class names from location [META-INF/spring.factories]: [org.springframework.boot.test.autoconfigure.restdocs.RestDocsTestExecutionListener, org.springframework.boot.test.autoconfigure.web.client.MockRestServiceServerResetTestExecutionListener, org.springframework.boot.test.autoconfigure.web.servlet.MockMvcPrintOnlyOnFailureTestExecutionListener, org.springframework.boot.test.autoconfigure.web.servlet.WebDriverTestExecutionListener, org.springframework.boot.test.autoconfigure.webservices.client.MockWebServiceServerTestExecutionListener, org.springframework.boot.test.mock.mockito.MockitoTestExecutionListener, org.springframework.boot.test.mock.mockito.ResetMocksTestExecutionListener, org.springframework.test.context.web.ServletTestExecutionListener, org.springframework.test.context.support.DirtiesContextBeforeModesTestExecutionListener, org.springframework.test.context.event.ApplicationEventsTestExecutionListener, org.springframework.test.context.support.DependencyInjectionTestExecutionListener, org.springframework.test.context.support.DirtiesContextTestExecutionListener, org.springframework.test.context.transaction.TransactionalTestExecutionListener, org.springframework.test.context.jdbc.SqlScriptsTestExecutionListener, org.springframework.test.context.event.EventPublishingTestExecutionListener]
20:08:54.324 [Test worker] DEBUG org.springframework.boot.test.autoconfigure.web.servlet.WebMvcTestContextBootstrapper - Skipping candidate TestExecutionListener [org.springframework.test.context.transaction.TransactionalTestExecutionListener] due to a missing dependency. Specify custom listener classes or make the default listener classes and their required dependencies available. Offending class: [org/springframework/transaction/TransactionDefinition]
20:08:54.324 [Test worker] DEBUG org.springframework.boot.test.autoconfigure.web.servlet.WebMvcTestContextBootstrapper - Skipping candidate TestExecutionListener [org.springframework.test.context.jdbc.SqlScriptsTestExecutionListener] due to a missing dependency. Specify custom listener classes or make the default listener classes and their required dependencies available. Offending class: [org/springframework/transaction/interceptor/TransactionAttribute]
20:08:54.325 [Test worker] INFO org.springframework.boot.test.autoconfigure.web.servlet.WebMvcTestContextBootstrapper - Using TestExecutionListeners: [org.springframework.test.context.web.ServletTestExecutionListener@34a75079, org.springframework.test.context.support.DirtiesContextBeforeModesTestExecutionListener@346a361, org.springframework.test.context.event.ApplicationEventsTestExecutionListener@107ed6fc, org.springframework.boot.test.mock.mockito.MockitoTestExecutionListener@1643d68f, org.springframework.boot.test.autoconfigure.SpringBootDependencyInjectionTestExecutionListener@186978a6, org.springframework.test.context.support.DirtiesContextTestExecutionListener@2e029d61, org.springframework.test.context.event.EventPublishingTestExecutionListener@482d776b, org.springframework.boot.test.autoconfigure.restdocs.RestDocsTestExecutionListener@4052274f, org.springframework.boot.test.autoconfigure.web.client.MockRestServiceServerResetTestExecutionListener@132ddbab, org.springframework.boot.test.autoconfigure.web.servlet.MockMvcPrintOnlyOnFailureTestExecutionListener@297ea53a, org.springframework.boot.test.autoconfigure.web.servlet.WebDriverTestExecutionListener@acb0951, org.springframework.boot.test.autoconfigure.webservices.client.MockWebServiceServerTestExecutionListener@5bf22f18, org.springframework.boot.test.mock.mockito.ResetMocksTestExecutionListener@267f474e]
20:08:54.330 [Test worker] DEBUG org.springframework.test.context.support.AbstractDirtiesContextTestExecutionListener - Before test class: context [DefaultTestContext@4648ce9 testClass = ValidationControllerFeatureTest, testInstance = [null], testMethod = [null], testException = [null], mergedContextConfiguration = [WebMergedContextConfiguration@569bf9eb testClass = ValidationControllerFeatureTest, locations = '{}', classes = '{class com.practice.springbootvalidation.service.ValidateMultipleRequestService, class com.practice.springbootvalidation.api.ValidationController, class com.practice.springbootvalidation.errorhandling.ErrorHandlingControllerAdvice}', contextInitializerClasses = '[]', activeProfiles = '{}', propertySourceLocations = '{}', propertySourceProperties = '{org.springframework.boot.test.autoconfigure.web.servlet.WebMvcTestContextBootstrapper=true}', contextCustomizers = set[org.springframework.boot.test.autoconfigure.OverrideAutoConfigurationContextCustomizerFactory$DisableAutoConfigurationContextCustomizer@1698fc68, org.springframework.boot.test.autoconfigure.actuate.metrics.MetricsExportContextCustomizerFactory$DisableMetricExportContextCustomizer@57eda880, org.springframework.boot.test.autoconfigure.filter.TypeExcludeFiltersContextCustomizer@13a510cb, org.springframework.boot.test.autoconfigure.properties.PropertyMappingContextCustomizer@448d8ae, org.springframework.boot.test.autoconfigure.web.servlet.WebDriverContextCustomizerFactory$Customizer@4bef0fe3, [ImportsContextCustomizer@61526469 key = [org.springframework.boot.autoconfigure.cache.CacheAutoConfiguration, org.springframework.boot.autoconfigure.context.MessageSourceAutoConfiguration, org.springframework.boot.autoconfigure.data.web.SpringDataWebAutoConfiguration, org.springframework.boot.autoconfigure.freemarker.FreeMarkerAutoConfiguration, org.springframework.boot.autoconfigure.groovy.template.GroovyTemplateAutoConfiguration, org.springframework.boot.autoconfigure.gson.GsonAutoConfiguration, org.springframework.boot.autoconfigure.hateoas.HypermediaAutoConfiguration, org.springframework.boot.autoconfigure.http.HttpMessageConvertersAutoConfiguration, org.springframework.boot.autoconfigure.jackson.JacksonAutoConfiguration, org.springframework.boot.autoconfigure.jsonb.JsonbAutoConfiguration, org.springframework.boot.autoconfigure.mustache.MustacheAutoConfiguration, org.springframework.boot.autoconfigure.task.TaskExecutionAutoConfiguration, org.springframework.boot.autoconfigure.thymeleaf.ThymeleafAutoConfiguration, org.springframework.boot.autoconfigure.validation.ValidationAutoConfiguration, org.springframework.boot.autoconfigure.web.servlet.error.ErrorMvcAutoConfiguration, org.springframework.boot.autoconfigure.web.servlet.HttpEncodingAutoConfiguration, org.springframework.boot.autoconfigure.web.servlet.WebMvcAutoConfiguration, org.springframework.boot.test.autoconfigure.web.servlet.MockMvcAutoConfiguration, org.springframework.boot.test.autoconfigure.web.servlet.MockMvcWebClientAutoConfiguration, org.springframework.boot.test.autoconfigure.web.servlet.MockMvcWebDriverAutoConfiguration, org.springframework.boot.autoconfigure.security.oauth2.client.servlet.OAuth2ClientAutoConfiguration, org.springframework.boot.autoconfigure.security.oauth2.resource.servlet.OAuth2ResourceServerAutoConfiguration, org.springframework.boot.autoconfigure.security.servlet.SecurityAutoConfiguration, org.springframework.boot.autoconfigure.security.servlet.SecurityFilterAutoConfiguration, org.springframework.boot.autoconfigure.security.servlet.UserDetailsServiceAutoConfiguration, org.springframework.boot.test.autoconfigure.web.servlet.MockMvcSecurityConfiguration, org.springframework.boot.test.autoconfigure.web.reactive.WebTestClientAutoConfiguration]], org.springframework.boot.test.context.filter.ExcludeFilterContextCustomizer@2453f95d, org.springframework.boot.test.json.DuplicateJsonObjectContextCustomizerFactory$DuplicateJsonObjectContextCustomizer@553f1d75, org.springframework.boot.test.mock.mockito.MockitoContextCustomizer@0, org.springframework.boot.test.context.SpringBootTestArgs@1, org.springframework.boot.test.context.SpringBootTestWebEnvironment@0], resourceBasePath = 'src/main/webapp', contextLoader = 'org.springframework.boot.test.context.SpringBootContextLoader', parent = [null]], attributes = map[[empty]]], class annotated with @DirtiesContext [false] with mode [null].
20:08:54.343 [Test worker] DEBUG org.springframework.test.context.support.DependencyInjectionTestExecutionListener - Performing dependency injection for test context [[DefaultTestContext@4648ce9 testClass = ValidationControllerFeatureTest, testInstance = com.practice.springbootvalidation.api.ValidationControllerFeatureTest@30ea8c23, testMethod = [null], testException = [null], mergedContextConfiguration = [WebMergedContextConfiguration@569bf9eb testClass = ValidationControllerFeatureTest, locations = '{}', classes = '{class com.practice.springbootvalidation.service.ValidateMultipleRequestService, class com.practice.springbootvalidation.api.ValidationController, class com.practice.springbootvalidation.errorhandling.ErrorHandlingControllerAdvice}', contextInitializerClasses = '[]', activeProfiles = '{}', propertySourceLocations = '{}', propertySourceProperties = '{org.springframework.boot.test.autoconfigure.web.servlet.WebMvcTestContextBootstrapper=true}', contextCustomizers = set[org.springframework.boot.test.autoconfigure.OverrideAutoConfigurationContextCustomizerFactory$DisableAutoConfigurationContextCustomizer@1698fc68, org.springframework.boot.test.autoconfigure.actuate.metrics.MetricsExportContextCustomizerFactory$DisableMetricExportContextCustomizer@57eda880, org.springframework.boot.test.autoconfigure.filter.TypeExcludeFiltersContextCustomizer@13a510cb, org.springframework.boot.test.autoconfigure.properties.PropertyMappingContextCustomizer@448d8ae, org.springframework.boot.test.autoconfigure.web.servlet.WebDriverContextCustomizerFactory$Customizer@4bef0fe3, [ImportsContextCustomizer@61526469 key = [org.springframework.boot.autoconfigure.cache.CacheAutoConfiguration, org.springframework.boot.autoconfigure.context.MessageSourceAutoConfiguration, org.springframework.boot.autoconfigure.data.web.SpringDataWebAutoConfiguration, org.springframework.boot.autoconfigure.freemarker.FreeMarkerAutoConfiguration, org.springframework.boot.autoconfigure.groovy.template.GroovyTemplateAutoConfiguration, org.springframework.boot.autoconfigure.gson.GsonAutoConfiguration, org.springframework.boot.autoconfigure.hateoas.HypermediaAutoConfiguration, org.springframework.boot.autoconfigure.http.HttpMessageConvertersAutoConfiguration, org.springframework.boot.autoconfigure.jackson.JacksonAutoConfiguration, org.springframework.boot.autoconfigure.jsonb.JsonbAutoConfiguration, org.springframework.boot.autoconfigure.mustache.MustacheAutoConfiguration, org.springframework.boot.autoconfigure.task.TaskExecutionAutoConfiguration, org.springframework.boot.autoconfigure.thymeleaf.ThymeleafAutoConfiguration, org.springframework.boot.autoconfigure.validation.ValidationAutoConfiguration, org.springframework.boot.autoconfigure.web.servlet.error.ErrorMvcAutoConfiguration, org.springframework.boot.autoconfigure.web.servlet.HttpEncodingAutoConfiguration, org.springframework.boot.autoconfigure.web.servlet.WebMvcAutoConfiguration, org.springframework.boot.test.autoconfigure.web.servlet.MockMvcAutoConfiguration, org.springframework.boot.test.autoconfigure.web.servlet.MockMvcWebClientAutoConfiguration, org.springframework.boot.test.autoconfigure.web.servlet.MockMvcWebDriverAutoConfiguration, org.springframework.boot.autoconfigure.security.oauth2.client.servlet.OAuth2ClientAutoConfiguration, org.springframework.boot.autoconfigure.security.oauth2.resource.servlet.OAuth2ResourceServerAutoConfiguration, org.springframework.boot.autoconfigure.security.servlet.SecurityAutoConfiguration, org.springframework.boot.autoconfigure.security.servlet.SecurityFilterAutoConfiguration, org.springframework.boot.autoconfigure.security.servlet.UserDetailsServiceAutoConfiguration, org.springframework.boot.test.autoconfigure.web.servlet.MockMvcSecurityConfiguration, org.springframework.boot.test.autoconfigure.web.reactive.WebTestClientAutoConfiguration]], org.springframework.boot.test.context.filter.ExcludeFilterContextCustomizer@2453f95d, org.springframework.boot.test.json.DuplicateJsonObjectContextCustomizerFactory$DuplicateJsonObjectContextCustomizer@553f1d75, org.springframework.boot.test.mock.mockito.MockitoContextCustomizer@0, org.springframework.boot.test.context.SpringBootTestArgs@1, org.springframework.boot.test.context.SpringBootTestWebEnvironment@0], resourceBasePath = 'src/main/webapp', contextLoader = 'org.springframework.boot.test.context.SpringBootContextLoader', parent = [null]], attributes = map['org.springframework.test.context.event.ApplicationEventsTestExecutionListener.recordApplicationEvents' -> false]]].

  .   ____          _            __ _ _
 /\\ / ___'_ __ _ _(_)_ __  __ _ \ \ \ \
( ( )\___ | '_ | '_| | '_ \/ _` | \ \ \ \
 \\/  ___)| |_)| | | | | || (_| |  ) ) ) )
  '  |____| .__|_| |_|_| |_\__, | / / / /
 =========|_|==============|___/=/_/_/_/
 :: Spring Boot ::                (v2.7.1)

2022-07-09 20:08:54.656  INFO 48287 --- [    Test worker] c.p.s.a.ValidationControllerFeatureTest  : Starting ValidationControllerFeatureTest using Java 11.0.12 on MGC12FG5ZXMD6N.fbpld77.ford.com with PID 48287 (started by mseman4 in /Users/mseman4/personal_workspace/spring-boot-validation)
2022-07-09 20:08:54.656  INFO 48287 --- [    Test worker] c.p.s.a.ValidationControllerFeatureTest  : No active profile set, falling back to 1 default profile: "default"
2022-07-09 20:08:55.453  INFO 48287 --- [    Test worker] o.s.b.t.m.w.SpringBootMockServletContext : Initializing Spring TestDispatcherServlet ''
2022-07-09 20:08:55.453  INFO 48287 --- [    Test worker] o.s.t.web.servlet.TestDispatcherServlet  : Initializing Servlet ''
2022-07-09 20:08:55.454  INFO 48287 --- [    Test worker] o.s.t.web.servlet.TestDispatcherServlet  : Completed initialization in 1 ms
2022-07-09 20:08:55.476  INFO 48287 --- [    Test worker] c.p.s.a.ValidationControllerFeatureTest  : Started ValidationControllerFeatureTest in 1.106 seconds (JVM running for 1.901)
2022-07-09 20:08:55.739  INFO 48287 --- [    Test worker] o.s.b.t.m.w.SpringBootMockServletContext : Initializing Spring TestDispatcherServlet ''
2022-07-09 20:08:55.739  INFO 48287 --- [    Test worker] o.s.t.web.servlet.TestDispatcherServlet  : Initializing Servlet ''
2022-07-09 20:08:55.740  INFO 48287 --- [    Test worker] o.s.t.web.servlet.TestDispatcherServlet  : Completed initialization in 1 ms
2022-07-09 20:08:55.887 ERROR 48287 --- [    Test worker] c.p.s.e.ErrorHandlingControllerAdvice    : ConstraintViolationException happened: Invalid Password - Mooo
2022-07-09 20:08:55.950  INFO 48287 --- [    Test worker] o.s.b.t.m.w.SpringBootMockServletContext : Initializing Spring TestDispatcherServlet ''
2022-07-09 20:08:55.951  INFO 48287 --- [    Test worker] o.s.t.web.servlet.TestDispatcherServlet  : Initializing Servlet ''
2022-07-09 20:08:55.951  INFO 48287 --- [    Test worker] o.s.t.web.servlet.TestDispatcherServlet  : Completed initialization in 0 ms
2022-07-09 20:08:55.953 ERROR 48287 --- [    Test worker] c.p.s.e.ErrorHandlingControllerAdvice    : HttpMediaTypeNotSupportedException happened: Content type 'application/xml' not supported
2022-07-09 20:08:55.956  INFO 48287 --- [    Test worker] o.s.b.t.m.w.SpringBootMockServletContext : Initializing Spring TestDispatcherServlet ''
2022-07-09 20:08:55.956  INFO 48287 --- [    Test worker] o.s.t.web.servlet.TestDispatcherServlet  : Initializing Servlet ''
2022-07-09 20:08:55.957  INFO 48287 --- [    Test worker] o.s.t.web.servlet.TestDispatcherServlet  : Completed initialization in 1 ms
2022-07-09 20:08:55.960 ERROR 48287 --- [    Test worker] c.p.s.e.ErrorHandlingControllerAdvice    : MethodArgumentNotValidException happened: Your first name cannot be empty
2022-07-09 20:08:55.963  INFO 48287 --- [    Test worker] o.s.b.t.m.w.SpringBootMockServletContext : Initializing Spring TestDispatcherServlet ''
2022-07-09 20:08:55.963  INFO 48287 --- [    Test worker] o.s.t.web.servlet.TestDispatcherServlet  : Initializing Servlet ''
2022-07-09 20:08:55.963  INFO 48287 --- [    Test worker] o.s.t.web.servlet.TestDispatcherServlet  : Completed initialization in 0 ms
2022-07-09 20:08:55.965 ERROR 48287 --- [    Test worker] c.p.s.e.ErrorHandlingControllerAdvice    : MethodArgumentNotValidException happened: Your first name is too large
2022-07-09 20:08:55.968  INFO 48287 --- [    Test worker] o.s.b.t.m.w.SpringBootMockServletContext : Initializing Spring TestDispatcherServlet ''
2022-07-09 20:08:55.968  INFO 48287 --- [    Test worker] o.s.t.web.servlet.TestDispatcherServlet  : Initializing Servlet ''
2022-07-09 20:08:55.968  INFO 48287 --- [    Test worker] o.s.t.web.servlet.TestDispatcherServlet  : Completed initialization in 0 ms
2022-07-09 20:08:55.970 ERROR 48287 --- [    Test worker] c.p.s.e.ErrorHandlingControllerAdvice    : MethodArgumentNotValidException happened: Your first name is invalid
2022-07-09 20:08:55.973  INFO 48287 --- [    Test worker] o.s.b.t.m.w.SpringBootMockServletContext : Initializing Spring TestDispatcherServlet ''
2022-07-09 20:08:55.974  INFO 48287 --- [    Test worker] o.s.t.web.servlet.TestDispatcherServlet  : Initializing Servlet ''
2022-07-09 20:08:55.974  INFO 48287 --- [    Test worker] o.s.t.web.servlet.TestDispatcherServlet  : Completed initialization in 0 ms
2022-07-09 20:08:55.975 ERROR 48287 --- [    Test worker] c.p.s.e.ErrorHandlingControllerAdvice    : HttpRequestMethodNotSupportedException happened: Request method 'DELETE' not supported
2022-07-09 20:08:55.978  INFO 48287 --- [    Test worker] o.s.b.t.m.w.SpringBootMockServletContext : Initializing Spring TestDispatcherServlet ''
2022-07-09 20:08:55.978  INFO 48287 --- [    Test worker] o.s.t.web.servlet.TestDispatcherServlet  : Initializing Servlet ''
2022-07-09 20:08:55.979  INFO 48287 --- [    Test worker] o.s.t.web.servlet.TestDispatcherServlet  : Completed initialization in 0 ms

MockHttpServletRequest:
      HTTP Method = POST
      Request URI = /api/validation/players
       Parameters = {}
          Headers = [Content-Type:"application/json", Authorization:"taco", Content-Length:"81"]
             Body = <no character encoding set>
    Session Attrs = {}

Handler:
             Type = com.practice.springbootvalidation.api.ValidationController
           Method = com.practice.springbootvalidation.api.ValidationController#multiplePlayersLookup(String, MultiplePlayersRequest)

Async:
    Async started = false
     Async result = null

Resolved Exception:
             Type = null

ModelAndView:
        View name = null
             View = null
            Model = null

FlashMap:
       Attributes = null

MockHttpServletResponse:
           Status = 200
    Error message = null
          Headers = [Content-Type:"application/json"]
     Content type = application/json
             Body = {"teamPlayers":[{"firstName":"Billy","lastName":null,"team":null},{"firstName":"Marco","lastName":null,"team":null},{"firstName":"Jack","lastName":null,"team":null}]}
    Forwarded URL = null
   Redirected URL = null
          Cookies = []
2022-07-09 20:08:56.010  INFO 48287 --- [    Test worker] o.s.b.t.m.w.SpringBootMockServletContext : Initializing Spring TestDispatcherServlet ''
2022-07-09 20:08:56.010  INFO 48287 --- [    Test worker] o.s.t.web.servlet.TestDispatcherServlet  : Initializing Servlet ''
2022-07-09 20:08:56.011  INFO 48287 --- [    Test worker] o.s.t.web.servlet.TestDispatcherServlet  : Completed initialization in 1 ms
]]></system-out>
  <system-err><![CDATA[]]></system-err>
</testsuite>
